[12-Sep-2024 13:47:12 UTC] PHP Parse error:  syntax error, unexpected token "}" in /Users/haruna/Local Sites/oha/app/public/wp-content/themes/oha/functions.php on line 25
[12-Sep-2024 13:47:12 UTC] PHP Warning:  Trying to access array offset on value of type bool in /Users/haruna/Local Sites/oha/app/public/wp-includes/class-wp-recovery-mode-email-service.php on line 367
[12-Sep-2024 13:47:12 UTC] PHP Warning:  Trying to access array offset on value of type bool in /Users/haruna/Local Sites/oha/app/public/wp-includes/class-wp-recovery-mode-email-service.php on line 368
[12-Sep-2024 13:48:38 UTC] PHP Fatal error:  Uncaught Error: Call to undefined function register_my_menus() in /Users/haruna/Local Sites/oha/app/public/wp-content/themes/oha/functions.php:20
Stack trace:
#0 /Users/haruna/Local Sites/oha/app/public/wp-includes/class-wp-hook.php(324): my_menu_init('')
#1 /Users/haruna/Local Sites/oha/app/public/wp-includes/class-wp-hook.php(348): WP_Hook->apply_filters(NULL, Array)
#2 /Users/haruna/Local Sites/oha/app/public/wp-includes/plugin.php(517): WP_Hook->do_action(Array)
#3 /Users/haruna/Local Sites/oha/app/public/wp-settings.php(700): do_action('init')
#4 /Users/haruna/Local Sites/oha/app/public/wp-config.php(103): require_once('/Users/haruna/L...')
#5 /Users/haruna/Local Sites/oha/app/public/wp-load.php(50): require_once('/Users/haruna/L...')
#6 /Users/haruna/Local Sites/oha/app/public/wp-admin/admin.php(34): require_once('/Users/haruna/L...')
#7 /Users/haruna/Local Sites/oha/app/public/wp-admin/edit.php(10): require_once('/Users/haruna/L...')
#8 {main}
  thrown in /Users/haruna/Local Sites/oha/app/public/wp-content/themes/oha/functions.php on line 20
[12-Sep-2024 13:48:39 UTC] PHP Fatal error:  Uncaught Error: Call to undefined function register_my_menus() in /Users/haruna/Local Sites/oha/app/public/wp-content/themes/oha/functions.php:20
Stack trace:
#0 /Users/haruna/Local Sites/oha/app/public/wp-includes/class-wp-hook.php(324): my_menu_init('')
#1 /Users/haruna/Local Sites/oha/app/public/wp-includes/class-wp-hook.php(348): WP_Hook->apply_filters(NULL, Array)
#2 /Users/haruna/Local Sites/oha/app/public/wp-includes/plugin.php(517): WP_Hook->do_action(Array)
#3 /Users/haruna/Local Sites/oha/app/public/wp-settings.php(700): do_action('init')
#4 /Users/haruna/Local Sites/oha/app/public/wp-config.php(103): require_once('/Users/haruna/L...')
#5 /Users/haruna/Local Sites/oha/app/public/wp-load.php(50): require_once('/Users/haruna/L...')
#6 /Users/haruna/Local Sites/oha/app/public/wp-blog-header.php(13): require_once('/Users/haruna/L...')
#7 /Users/haruna/Local Sites/oha/app/public/index.php(17): require('/Users/haruna/L...')
#8 {main}
  thrown in /Users/haruna/Local Sites/oha/app/public/wp-content/themes/oha/functions.php on line 20
